MB002 Q0 29026473444646912 1 -10.1978 indri
MB002 Q0 29049612224434176 2 -10.2018 indri
MB002 Q0 28973908795326465 3 -10.2034 indri
MB002 Q0 29005097581154304 4 -11.0189 indri
MB002 Q0 29011299916587008 5 -11.2218 indri
MB002 Q0 29042155859218432 6 -11.2245 indri
MB002 Q0 28970641159880704 7 -11.2261 indri
MB002 Q0 29022538059218944 8 -11.24 indri
MB002 Q0 29018277258731521 9 -11.2416 indri
MB002 Q0 28976436362616832 10 -11.2424 indri
MB002 Q0 29016301166927872 11 -11.2428 indri
MB002 Q0 28998921548206080 12 -11.2432 indri
MB002 Q0 28979832427646976 13 -11.2432 indri
MB002 Q0 29048093370486784 14 -11.2436 indri
MB002 Q0 29010029256380416 15 -11.244 indri
MB002 Q0 29046415917322240 16 -11.2444 indri
MB002 Q0 29021216996065280 17 -11.2444 indri
MB002 Q0 28970692363948033 18 -11.2455 indri
MB002 Q0 29045268884230144 19 -11.443 indri
MB002 Q0 29058098622627840 20 -11.4434 indri
MB002 Q0 29031664587907072 21 -11.4442 indri
MB002 Q0 29009340899794944 22 -11.4442 indri
MB002 Q0 29049712053063680 23 -11.4446 indri
MB002 Q0 29043207593525248 24 -11.445 indri
MB002 Q0 29025989988196352 25 -11.4454 indri
MB002 Q0 29014114382643201 26 -11.4454 indri
MB002 Q0 29042525054435329 27 -11.4458 indri
MB002 Q0 28987180995051520 28 -11.4458 indri
MB002 Q0 28982230848114688 29 -11.4462 indri
MB002 Q0 28989063331581952 30 -11.447 indri
MB002 Q0 29003291002146816 31 -11.4474 indri
MB002 Q0 28976874910654464 32 -11.4474 indri
MB002 Q0 29057055255953408 33 -11.4478 indri
MB002 Q0 28987582519971841 34 -11.4478 indri
MB002 Q0 29025417843183616 35 -11.4482 indri
MB002 Q0 29009611142995968 36 -11.4486 indri
MB002 Q0 29039492564254721 37 -11.449 indri
MB002 Q0 29026818963017728 38 -11.449 indri
MB002 Q0 29011996791799808 39 -11.4506 indri
